2024-12-01 10:29:22,198 WARN s.s.S.SPdfApplication [main] External configuration file 'configs/settings.yml' does not exist. Using default configuration and environment configuration instead.
2024-12-01 10:29:22,208 WARN s.s.S.SPdfApplication [main] Custom configuration file 'configs/custom_settings.yml' does not exist.
2024-12-01 10:29:26,352 INFO s.s.S.SPdfApplication [main] Starting SPdfApplication v0.29.0 using Java 21.0.3 with PID 75343 (/nix/store/j3y89p5c9r3i8lc0i238wp43sig2wq3m-stirling-pdf-0.29.0/share/stirling-pdf/Stirling-PDF.jar started by nandar in /home/nandar/hyprnix)
2024-12-01 10:29:26,359 INFO s.s.S.SPdfApplication [main] The following 1 profile is active: "default"
2024-12-01 10:30:29,646 INFO s.s.S.SPdfApplication [main] Running configs ApplicationProperties(legal=ApplicationProperties.Legal(termsAndConditions=, privacyPolicy=, accessibilityStatement=, cookiePolicy=, impressum=), security=ApplicationProperties.Security(enableLogin=false, csrfDisabled=true, initialLogin=ApplicationProperties.Security.InitialLogin(username=), oauth2=ApplicationProperties.Security.OAUTH2(enabled=false, issuer=, clientId=, autoCreateUser=false, blockRegistration=false, useAsUsername=email, scopes=[openid, profile, email], provider=google, client=ApplicationProperties.Security.OAUTH2.Client(google=Google [clientId=, clientSecret=NULL, scopes=[https://www.googleapis.com/auth/userinfo.email, https://www.googleapis.com/auth/userinfo.profile], useAsUsername=email], github=GitHub [clientId=, clientSecret=NULL, scopes=[read:user], useAsUsername=login], keycloak=Keycloak [issuer=, clientId=, clientSecret=NULL, scopes=[openid, profile, email], useAsUsername=preferred_username])), loginAttemptCount=5, loginResetTimeMinutes=120, loginMethod=all), system=ApplicationProperties.System(defaultLocale=en-US, googlevisibility=false, showUpdate=false, showUpdateOnlyAdmin=false, customHTMLFiles=false, tessdataDir=/usr/share/tessdata, enableAlphaFunctionality=false), ui=ApplicationProperties.Ui(appName=null, homeDescription=null, appNameNavbar=null), endpoints=ApplicationProperties.Endpoints(toRemove=[], groupsToRemove=[]), metrics=ApplicationProperties.Metrics(enabled=true), automaticallyGenerated=ApplicationProperties.AutomaticallyGenerated(), enterpriseEdition=ApplicationProperties.EnterpriseEdition(customMetadata=ApplicationProperties.EnterpriseEdition.CustomMetadata(autoUpdateMetadata=true, author=username, creator=Stirling-PDF, producer=Stirling-PDF)), autoPipeline=ApplicationProperties.AutoPipeline(outputFolder=null))
2024-12-01 10:30:29,817 INFO s.s.S.c.EndpointConfiguration [main] Disabling pdf-to-book
2024-12-01 10:30:29,819 INFO s.s.S.c.EndpointConfiguration [main] Disabling book-to-pdf
2024-12-01 10:30:35,507 INFO s.s.S.c.s.d.DatabaseBackupHelper [main] Database export completed: configs/db/backup/backup_202412011030.sql
2024-12-01 10:30:35,510 INFO s.s.S.c.s.InitialSecuritySetup [main] Default admin user created: admin
2024-12-01 10:30:36,521 INFO s.s.S.c.s.d.DatabaseBackupHelper [main] Database export completed: configs/db/backup/backup_202412011030.sql
2024-12-01 10:30:36,817 INFO s.s.S.c.s.InitialSecuritySetup [main] Internal API user created: STIRLING-PDF-BACKEND-API-USER
2024-12-01 10:30:58,097 INFO s.s.S.SPdfApplication [main] Started SPdfApplication in 95.871 seconds (process running for 103.812)
2024-12-01 10:30:58,139 WARN s.s.S.u.FileMonitor [scheduling-1] not monitoring any directory, even the root directory itself: ./pipeline/watchedFolders
2024-12-01 10:30:58,154 INFO s.s.S.c.a.p.PipelineDirectoryProcessor [scheduling-1] Created directory: ./pipeline/watchedFolders
2024-12-01 10:30:59,178 INFO s.s.S.SPdfApplication [main] Stirling-PDF Started.
2024-12-01 10:30:59,179 INFO s.s.S.SPdfApplication [main] Navigate to http://localhost:8080
2024-12-01 10:31:03,082 WARN s.s.S.u.FileMonitor [scheduling-1] not monitoring any directory, even the root directory itself: ./pipeline/watchedFolders
2024-12-01 10:31:03,087 INFO s.s.S.u.FileMonitor [scheduling-1] Registered directory: ./pipeline/watchedFolders
2024-12-01 10:31:09,058 INFO s.s.S.c.s.s.CustomHttpSessionListener [qtp353922272-41] Session created: node06hbb15h4nstdorg9nfyr49kd0
2024-12-01 10:33:38,136 INFO s.s.S.u.ProcessExecutor [qtp353922272-40] Running command: soffice --headless --nologo --infilter=writer_pdf_import --convert-to docx --outdir /tmp/output_5144492497742170994 /tmp/input_13216539331343941214.pdf
2024-12-01 10:34:23,692 INFO s.s.S.u.ProcessExecutor [Thread-15] convert /tmp/input_13216539331343941214.pdf as a Writer document -> /tmp/output_5144492497742170994/input_13216539331343941214.docx using filter : MS Word 2007 XML
2024-12-01 10:41:00,981 INFO s.s.S.u.ProcessExecutor [qtp353922272-64] Running command: gs -sDEVICE=pdfwrite -dCompatibilityLevel=1.5 -dPDFSETTINGS=/ebook -dNOPAUSE -dQUIET -dBATCH -sOutputFile=/tmp/output_12349450209698904548.pdf /tmp/input_12068037209325175441.pdf
